10:14:09.982  INFO  manager.ApplicationManager - All tests star in Chrome Browser
10:14:11.071  INFO  manager.ApplicationManager - Current Url -->https://telranedu.web.app/home
10:14:11.102  INFO  tests.TestBase - The name of starts method is --->loginSuccess
10:14:11.103  INFO  manager.ListenerWD - Before find elements ->>>>By.xpath: //button[text()='Sign Out']
10:14:16.158  INFO  manager.ListenerWD - After find elements ->>>>By.xpath: //button[text()='Sign Out']
10:14:16.161  INFO  manager.ListenerWD - List suze is ->>>>0
10:14:16.162  INFO  tests.TestBase - Login with valid data :  email: reshef1986@gmail.com: Rr6146858!
10:14:16.163  INFO  manager.ListenerWD - Before find element ->>>>By.cssSelector: a[href='/l']
10:14:21.223  INFO  manager.ListenerWD - Tests ends with error
10:14:21.223  INFO  manager.ListenerWD - ++++++++++++++++++++++++++++++++++++
10:14:21.224  INFO  manager.ListenerWD - Method methodfindElement
10:14:21.225  INFO  manager.ListenerWD - ++++++++++++++++++++++++++
10:14:21.226  INFO  manager.ListenerWD - InvocationTargetException getMessage() null
10:14:21.226  INFO  manager.ListenerWD - ++++++++++++++++++++++++++
10:14:21.230  INFO  manager.ListenerWD - InvocationTargetException getTargetException() org.openqa.selenium.NoSuchElementException: no such element: Unable to locate element: {"method":"css selector","selector":"a[href='/l']"}
  (Session info: chrome=109.0.5414.119)
For documentation on this error, please visit: https://selenium.dev/exceptions/#no_such_element
Build info: version: '4.7.1', revision: 'c6795baf1a3'
System info: os.name: 'Windows 10', os.arch: 'amd64', os.version: '10.0', java.version: '11.0.17'
Driver info: org.openqa.selenium.chrome.ChromeDriver
Command: [f62bee7276b449000f7bde8b1cd17fdb, findElement {using=css selector, value=a[href='/l']}]
Capabilities {acceptInsecureCerts: false, browserName: chrome, browserVersion: 109.0.5414.119, chrome: {chromedriverVersion: 109.0.5414.74 (e7c5703604da..., userDataDir: C:\Users\97252\AppData\Loca...}, goog:chromeOptions: {debuggerAddress: localhost:50827}, networkConnectionEnabled: false, pageLoadStrategy: normal, platformName: WINDOWS, proxy: Proxy(), se:cdp: ws://localhost:50827/devtoo..., se:cdpVersion: 109.0.5414.119, setWindowRect: true, strictFileInteractability: false, timeouts: {implicit: 0, pageLoad: 300000, script: 30000}, unhandledPromptBehavior: dismiss and notify, webauthn:extension:credBlob: true, webauthn:extension:largeBlob: true, webauthn:virtualAuthenticators: true}
Session ID: f62bee7276b449000f7bde8b1cd17fdb
10:14:21.231  INFO  manager.ListenerWD - ++++++++++++++++++++++++++
10:14:21.232  INFO  manager.ListenerWD - InvocationTargetException getCause() org.openqa.selenium.NoSuchElementException: no such element: Unable to locate element: {"method":"css selector","selector":"a[href='/l']"}
  (Session info: chrome=109.0.5414.119)
For documentation on this error, please visit: https://selenium.dev/exceptions/#no_such_element
Build info: version: '4.7.1', revision: 'c6795baf1a3'
System info: os.name: 'Windows 10', os.arch: 'amd64', os.version: '10.0', java.version: '11.0.17'
Driver info: org.openqa.selenium.chrome.ChromeDriver
Command: [f62bee7276b449000f7bde8b1cd17fdb, findElement {using=css selector, value=a[href='/l']}]
Capabilities {acceptInsecureCerts: false, browserName: chrome, browserVersion: 109.0.5414.119, chrome: {chromedriverVersion: 109.0.5414.74 (e7c5703604da..., userDataDir: C:\Users\97252\AppData\Loca...}, goog:chromeOptions: {debuggerAddress: localhost:50827}, networkConnectionEnabled: false, pageLoadStrategy: normal, platformName: WINDOWS, proxy: Proxy(), se:cdp: ws://localhost:50827/devtoo..., se:cdpVersion: 109.0.5414.119, setWindowRect: true, strictFileInteractability: false, timeouts: {implicit: 0, pageLoad: 300000, script: 30000}, unhandledPromptBehavior: dismiss and notify, webauthn:extension:credBlob: true, webauthn:extension:largeBlob: true, webauthn:virtualAuthenticators: true}
Session ID: f62bee7276b449000f7bde8b1cd17fdb
10:14:21.233  INFO  manager.ListenerWD - ++++++++++++++++++++++++++
10:14:21.235  INFO  manager.ListenerWD - Object targetChromeDriver: chrome on WINDOWS (f62bee7276b449000f7bde8b1cd17fdb)
10:14:21.235  INFO  manager.ListenerWD - ++++++++++++++++++++++++++
